<?xml version="1.0" encoding="UTF-8"?>
<!-- Generated by org.testng.reporters.JUnitReportReporter -->
<testsuite hostname="INSPIRON-15R-N5110" failures="0" tests="1" name="com.projectname.qa.TestCases.LoginTest" time="4.150" errors="0" timestamp="21 Sep 2022 15:42:20 GMT">
  <testcase classname="com.projectname.qa.TestCases.LoginTest" name="FacebookLoginPageTest" time="4.150"/>
</testsuite>
