<?xml version="1.0" encoding="UTF-8"?>
<!-- Generated by org.testng.reporters.JUnitReportReporter -->
<testsuite hostname="INSPIRON-15R-N5110" failures="0" tests="1" name="com.projectname.qa.TestCases.RegistrationTest" time="4.374" errors="0" timestamp="17 Aug 2022 18:02:00 GMT">
  <testcase classname="com.projectname.qa.TestCases.RegistrationTest" name="FacebookRegistrationPage" time="4.374"/>
</testsuite>
